<?xml version="1.0" encoding="UTF-8"?>
<!-- Generated by org.testng.reporters.JUnitXMLReporter -->
<testsuite ignored="0" hostname="DESKTOP-NHOH0GL" failures="2" tests="2" name="Test(failed)(failed)(failed)(failed)" time="0.066" errors="0" timestamp="2024-11-16T19:18:01 IST">
  <testcase classname="Failed.xml.Ex_sample2" name="Tc1" time="0.015">
    <failure type="graphql.AssertException" message="condition expected to be true">
      <![CDATA[graphql.AssertException: condition expected to be true
at graphql.Assert.assertTrue(Assert.java:85)
at Failed.xml.Ex_sample2.Tc1(Ex_sample2.java:9)
at java.base/java.util.ArrayList.forEach(ArrayList.java:1596)
... Removed 25 stack frames]]>
    </failure>
  </testcase> <!-- Tc1 -->
  <testcase classname="Failed.xml.Ex_sample2" name="Tc5" time="0.003">
    <failure type="java.lang.Error" message="Unresolved compilation problem: 
	Syntax error, insert &amp;quot;;&amp;quot; to complete BlockStatements
">
      <![CDATA[java.lang.Error: Unresolved compilation problem: 
Syntax error, insert ";" to complete BlockStatements

at Failed.xml.Ex_sample2.Tc5(Ex_sample2.java:14)
at java.base/java.util.ArrayList.forEach(ArrayList.java:1596)
... Removed 25 stack frames]]>
    </failure>
  </testcase> <!-- Tc5 -->
</testsuite> <!-- Test(failed)(failed)(failed)(failed) -->
